"/Users/padilla/.rvm/rubies/ruby-1.9.3-p448/bin/ruby" -rubygems /Users/padilla/Dropbox/Private/TheDevelopmentBox/thepista/httparty/ruby/1.9.1/gems/rake-10.2.0/bin/rake RUBYARCHDIR=/Users/padilla/Dropbox/Private/TheDevelopmentBox/thepista/httparty/ruby/1.9.1/gems/scrypt-1.2.1/lib RUBYLIBDIR=/Users/padilla/Dropbox/Private/TheDevelopmentBox/thepista/httparty/ruby/1.9.1/gems/scrypt-1.2.1/lib
mkdir -p x86_64-darwin
/usr/local/Cellar/gcc46/4.6.4/bin/gcc-4.6 -fexceptions -O -fno-omit-frame-pointer -fno-strict-aliasing -Wall -msse -msse2 -arch x86_64 -arch i386  -o x86_64-darwin/crypto_scrypt-sse.o -c ./crypto_scrypt-sse.c
gcc-4.6: error: x86_64: No such file or directory
gcc-4.6: error: i386: No such file or directory
gcc-4.6: error: unrecognized option '-arch'
gcc-4.6: error: unrecognized option '-arch'
rake aborted!
Command failed with status (1): [/usr/local/Cellar/gcc46/4.6.4/bin/gcc-4.6 ...]
/Users/padilla/Dropbox/Private/TheDevelopmentBox/thepista/httparty/ruby/1.9.1/gems/ffi-compiler-0.1.3/lib/ffi-compiler/compile_task.rb:114:in `block (2 levels) in define_task!'
Tasks: TOP => default => x86_64-darwin/libscrypt_ext.bundle => x86_64-darwin/crypto_scrypt-sse.o
(See full trace by running task with --trace)
